[    0.000000] Linux version 4.15.0-212-generic (buildd@lcy02-amd64-083) (gcc version 7.5.0 (Ubuntu 7.5.0-3ubuntu1~18.04)) #223-Ubuntu SMP Tue May 23 13:09:22 UTC 2023 (Ubuntu 4.15.0-212.223-generic 4.15.18)
[    0.000000] Command line: BOOT_IMAGE=/boot/vmlinuz-4.15.0-212-generic root=LABEL=cloudimg-rootfs ro console=tty1 console=ttyS0
[    0.000000] KERNEL supported cpus:
[    0.000000]   Intel GenuineIntel
[    0.000000]   AMD AuthenticAMD
[    0.000000]   Centaur CentaurHauls
[    0.000000] x86/fpu: x87 FPU will use FXSAVE
[    0.000000] e820: BIOS-provided physical RAM map:
[    0.000000] BIOS-e820: [mem 0x0000000000000000-0x000000000009fbff] usable
[    0.000000] BIOS-e820: [mem 0x000000000009fc00-0x000000000009ffff] reserved
[    0.000000] BIOS-e820: [mem 0x00000000000f0000-0x00000000000fffff] reserved
[    0.000000] BIOS-e820: [mem 0x0000000000100000-0x00000000dffeffff] usable
[    0.000000] BIOS-e820: [mem 0x00000000dfff0000-0x00000000dfffffff] ACPI data
[    0.000000] BIOS-e820: [mem 0x00000000fec00000-0x00000000fec00fff] reserved
[    0.000000] BIOS-e820: [mem 0x00000000fee00000-0x00000000fee00fff] reserved
[    0.000000] BIOS-e820: [mem 0x00000000fffc0000-0x00000000ffffffff] reserved
[    0.000000] BIOS-e820: [mem 0x0000000100000000-0x000000029fffffff] usable
[    0.000000] NX (Execute Disable) protection: active
[    0.000000] SMBIOS 2.5 present.
[    0.000000] DMI: innotek GmbH VirtualBox/VirtualBox, BIOS VirtualBox 12/01/2006
[    0.000000] Hypervisor detected: KVM
[    0.000000] e820: last_pfn = 0x2a0000 max_arch_pfn = 0x400000000
[    0.000000] MTRR: Disabled
[    0.000000] x86/PAT: MTRRs disabled, skipping PAT initialization too.
[    0.000000] CPU MTRRs all blank - virtualized system.
[    0.000000] x86/PAT: Configuration [0-7]: WB  WT  UC- UC  WB  WT  UC- UC  
[    0.000000] e820: last_pfn = 0xdfff0 max_arch_pfn = 0x400000000
[    0.000000] found SMP MP-table at [mem 0x0009fff0-0x0009ffff]
[    0.000000] Scanning 1 areas for low memory corruption
[    0.000000] RAMDISK: [mem 0x359cb000-0x36cdcfff]
[    0.000000] ACPI: Early table checksum verification disabled
[    0.000000] ACPI: RSDP 0x00000000000E0000 000024 (v02 VBOX  )
[    0.000000] ACPI: XSDT 0x00000000DFFF0030 00003C (v01 VBOX   VBOXXSDT 00000001 ASL  00000061)
[    0.000000] ACPI: FACP 0x00000000DFFF00F0 0000F4 (v04 VBOX   VBOXFACP 00000001 ASL  00000061)
[    0.000000] ACPI: DSDT 0x00000000DFFF0620 002353 (v02 VBOX   VBOXBIOS 00000002 INTL 20100528)
[    0.000000] ACPI: FACS 0x00000000DFFF0200 000040
[    0.000000] ACPI: FACS 0x00000000DFFF0200 000040
[    0.000000] ACPI: APIC 0x00000000DFFF0240 00006C (v02 VBOX   VBOXAPIC 00000001 ASL  00000061)
[    0.000000] ACPI: SSDT 0x00000000DFFF02B0 00036C (v01 VBOX   VBOXCPUT 00000002 INTL 20100528)
[    0.000000] ACPI: Reserving FACP table memory at [mem 0xdfff00f0-0xdfff01e3]
[    0.000000] ACPI: Reserving DSDT table memory at [mem 0xdfff0620-0xdfff2972]
[    0.000000] ACPI: Reserving FACS table memory at [mem 0xdfff0200-0xdfff023f]
[    0.000000] ACPI: Reserving FACS table memory at [mem 0xdfff0200-0xdfff023f]
[    0.000000] ACPI: Reserving APIC table memory at [mem 0xdfff0240-0xdfff02ab]
[    0.000000] ACPI: Reserving SSDT table memory at [mem 0xdfff02b0-0xdfff061b]
[    0.000000] No NUMA configuration found
[    0.000000] Faking a node at [mem 0x0000000000000000-0x000000029fffffff]
[    0.000000] NODE_DATA(0) allocated [mem 0x29ffd1000-0x29fffbfff]
[    0.000000] kvm-clock: cpu 0, msr 2:9ff50001, primary cpu clock
[    0.000000] kvm-clock: Using msrs 4b564d01 and 4b564d00
[    0.000000] kvm-clock: using sched offset of 3535723293 cycles
[    0.000000] clocksource: kvm-clock: mask: 0xffffffffffffffff max_cycles: 0x1cd42e4dffb, max_idle_ns: 881590591483 ns
[    0.000000] Zone ranges:
[    0.000000]   DMA      [mem 0x0000000000001000-0x0000000000ffffff]
[    0.000000]   DMA32    [mem 0x0000000001000000-0x00000000ffffffff]
[    0.000000]   Normal   [mem 0x0000000100000000-0x000000029fffffff]
[    0.000000]   Device   empty
[    0.000000] Movable zone start for each node
[    0.000000] Early memory node ranges
[    0.000000]   node   0: [mem 0x0000000000001000-0x000000000009efff]
[    0.000000]   node   0: [mem 0x0000000000100000-0x00000000dffeffff]
[    0.000000]   node   0: [mem 0x0000000100000000-0x000000029fffffff]
[    0.000000] Reserved but unavailable: 104 pages
[    0.000000] Initmem setup node 0 [mem 0x0000000000001000-0x000000029fffffff]
[    0.000000] ACPI: PM-Timer IO Port: 0x4008
[    0.000000] IOAPIC[0]: apic_id 4, version 32, address 0xfec00000, GSI 0-23
[    0.000000] ACPI: INT_SRC_OVR (bus 0 bus_irq 0 global_irq 2 dfl dfl)
[    0.000000] ACPI: INT_SRC_OVR (bus 0 bus_irq 9 global_irq 9 low level)
[    0.000000] Using ACPI (MADT) for SMP configuration information
[    0.000000] smpboot: Allowing 4 CPUs, 0 hotplug CPUs
[    0.000000] PM: Registered nosave memory: [mem 0x00000000-0x00000fff]
[    0.000000] PM: Registered nosave memory: [mem 0x0009f000-0x0009ffff]
[    0.000000] PM: Registered nosave memory: [mem 0x000a0000-0x000effff]
[    0.000000] PM: Registered nosave memory: [mem 0x000f0000-0x000fffff]
[    0.000000] PM: Registered nosave memory: [mem 0xdfff0000-0xdfffffff]
[    0.000000] PM: Registered nosave memory: [mem 0xe0000000-0xfebfffff]
[    0.000000] PM: Registered nosave memory: [mem 0xfec00000-0xfec00fff]
[    0.000000] PM: Registered nosave memory: [mem 0xfec01000-0xfedfffff]
[    0.000000] PM: Registered nosave memory: [mem 0xfee00000-0xfee00fff]
[    0.000000] PM: Registered nosave memory: [mem 0xfee01000-0xfffbffff]
[    0.000000] PM: Registered nosave memory: [mem 0xfffc0000-0xffffffff]
[    0.000000] e820: [mem 0xe0000000-0xfebfffff] available for PCI devices
[    0.000000] Booting paravirtualized kernel on KVM
[    0.000000] clocksource: refined-jiffies: mask: 0xffffffff max_cycles: 0xffffffff, max_idle_ns: 7645519600211568 ns
[    0.000000] setup_percpu: NR_CPUS:8192 nr_cpumask_bits:4 nr_cpu_ids:4 nr_node_ids:1
[    0.000000] percpu: Embedded 50 pages/cpu s167936 r8192 d28672 u524288
[    0.000000] PV qspinlock hash table entries: 256 (order: 0, 4096 bytes)
[    0.000000] Built 1 zonelists, mobility grouping on.  Total pages: 2580345
[    0.000000] Policy zone: Normal
[    0.000000] Kernel command line: BOOT_IMAGE=/boot/vmlinuz-4.15.0-212-generic root=LABEL=cloudimg-rootfs ro console=tty1 console=ttyS0
[    0.000000] Memory: 10206004K/10485304K available (12300K kernel code, 2477K rwdata, 4324K rodata, 2480K init, 2720K bss, 279300K reserved, 0K cma-reserved)
[    0.000000] SLUB: HWalign=64, Order=0-3, MinObjects=0, CPUs=4, Nodes=1
[    0.000000] ftrace: allocating 39508 entries in 155 pages
[    0.004000] Hierarchical RCU implementation.
[    0.004000] 	RCU restricting CPUs from NR_CPUS=8192 to nr_cpu_ids=4.
[    0.004000] 	Tasks RCU enabled.
[    0.004000] RCU: Adjusting geometry for rcu_fanout_leaf=16, nr_cpu_ids=4
[    0.004000] NR_IRQS: 524544, nr_irqs: 456, preallocated irqs: 16
[    0.004000] random: crng init done
[    0.004000] Console: colour VGA+ 80x25
[    0.004000] console [tty1] enabled
[    0.004000] console [ttyS0] enabled
[    0.004000] ACPI: Core revision 20170831
[    0.004000] ACPI: 2 ACPI AML tables successfully acquired and loaded
[    0.004000] APIC: Switch to symmetric I/O mode setup
[    0.004000] ..TIMER: vector=0x30 apic1=0 pin1=2 apic2=-1 pin2=-1
[    0.004005] tsc: Detected 2304.000 MHz processor
[    0.008010] Calibrating delay loop (skipped) preset value.. 4608.00 BogoMIPS (lpj=9216000)
[    0.012002] pid_max: default: 32768 minimum: 301
[    0.016046] Security Framework initialized
[    0.018482] Yama: becoming mindful.
[    0.020109] AppArmor: AppArmor initialized
[    0.065124] Dentry cache hash table entries: 2097152 (order: 12, 16777216 bytes)
[    0.092081] Inode-cache hash table entries: 1048576 (order: 11, 8388608 bytes)
[    0.096660] Mount-cache hash table entries: 32768 (order: 6, 262144 bytes)
[    0.100654] Mountpoint-cache hash table entries: 32768 (order: 6, 262144 bytes)
[    0.105493] Last level iTLB entries: 4KB 0, 2MB 0, 4MB 0
[    0.108002] Last level dTLB entries: 4KB 0, 2MB 0, 4MB 0, 1GB 0
[    0.112003] Spectre V1 : Mitigation: usercopy/swapgs barriers and __user pointer sanitization
[    0.116003] Spectre V2 : Mitigation: Enhanced IBRS
[    0.120001] Spectre V2 : Spectre v2 / SpectreRSB mitigation: Filling RSB on context switch
[    0.124001] Spectre V2 : Spectre v2 / PBRSB-eIBRS: Retire a single CALL on VMEXIT
[    0.128002] RETBleed: Mitigation: Enhanced IBRS
[    0.132001] Speculative Store Bypass: Vulnerable
[    0.134741] Freeing SMP alternatives memory: 36K
[    0.250104] APIC calibration not consistent with PM-Timer: 101ms instead of 100ms
[    0.252000] APIC delta adjusted to PM-Timer: 6275774 (6386351)
[    0.252247] smpboot: CPU0: 11th Gen Intel(R) Core(TM) i7-11800H @ 2.30GHz (family: 0x6, model: 0x8d, stepping: 0x1)
[    0.256306] Performance Events: unsupported p6 CPU model 141 no PMU driver, software events only.
[    0.260065] Hierarchical SRCU implementation.
[    0.264592] NMI watchdog: Perf event create on CPU 0 failed with -2
[    0.268001] NMI watchdog: Perf NMI watchdog permanently disabled
[    0.272304] smp: Bringing up secondary CPUs ...
[    0.275387] x86: Booting SMP configuration:
[    0.276002] .... node  #0, CPUs:      #1
[    0.004000] kvm-clock: cpu 1, msr 2:9ff50041, secondary cpu clock
[    0.284000] TSC synchronization [CPU#0 -> CPU#1]:
[    0.284000] Measured 91148 cycles TSC warp between CPUs, turning off TSC clock.
[    0.284000] tsc: Marking TSC unstable due to check_tsc_sync_source failed
[    0.288519]  #2
[    0.004000] kvm-clock: cpu 2, msr 2:9ff50081, secondary cpu clock
[    0.293574]  #3
[    0.004000] kvm-clock: cpu 3, msr 2:9ff500c1, secondary cpu clock
[    0.300993] smp: Brought up 1 node, 4 CPUs
[    0.302324] smpboot: Max logical packages: 1
[    0.304002] smpboot: Total of 4 processors activated (18432.00 BogoMIPS)
[    0.308426] devtmpfs: initialized
[    0.309970] x86/mm: Memory block size: 128MB
[    0.313370] evm: security.selinux
[    0.315240] evm: security.SMACK64
[    0.316002] evm: security.SMACK64EXEC
[    0.318061] evm: security.SMACK64TRANSMUTE
[    0.320001] evm: security.SMACK64MMAP
[    0.322068] evm: security.apparmor
[    0.323969] evm: security.ima
[    0.324001] evm: security.capability
[    0.326183] clocksource: jiffies: mask: 0xffffffff max_cycles: 0xffffffff, max_idle_ns: 7645041785100000 ns
[    0.328072] futex hash table entries: 1024 (order: 4, 65536 bytes)
[    0.332198] pinctrl core: initialized pinctrl subsystem
[    0.336326] RTC time: 12:40:26, date: 10/19/23
[    0.342070] NET: Registered protocol family 16
[    0.344076] audit: initializing netlink subsys (disabled)
[    0.347168] audit: type=2000 audit(1697719232.613:1): state=initialized audit_enabled=0 res=1
[    0.348006] cpuidle: using governor ladder
[    0.352005] cpuidle: using governor menu
[    0.354212] ACPI: bus type PCI registered
[    0.356002] acpiphp: ACPI Hot Plug PCI Controller Driver version: 0.5
[    0.360000] PCI: Using configuration type 1 for base access
[    0.368429] HugeTLB registered 2.00 MiB page size, pre-allocated 0 pages
[    0.376167] ACPI: Added _OSI(Module Device)
[    0.378657] ACPI: Added _OSI(Processor Device)
[    0.380068] ACPI: Added _OSI(3.0 _SCP Extensions)
[    0.384002] ACPI: Added _OSI(Processor Aggregator Device)
[    0.387087] ACPI: Added _OSI(Linux-Dell-Video)
[    0.388002] ACPI: Added _OSI(Linux-Lenovo-NV-HDMI-Audio)
[    0.392003] ACPI: Added _OSI(Linux-HPI-Hybrid-Graphics)
[    0.396152] ACPI: Executed 1 blocks of module-level executable AML code
[    0.402244] ACPI: Interpreter enabled
[    0.404000] ACPI: (supports S0 S5)
[    0.404002] ACPI: Using IOAPIC for interrupt routing
[    0.406958] PCI: Using host bridge windows from ACPI; if necessary, use "pci=nocrs" and report a bug
[    0.408172] ACPI: Enabled 2 GPEs in block 00 to 07
[    0.420000] ACPI: PCI Root Bridge [PCI0] (domain 0000 [bus 00-ff])
[    0.420006] acpi PNP0A03:00: _OSC: OS supports [ASPM ClockPM Segments MSI]
[    0.424480] acpi PNP0A03:00: _OSC: not requesting OS control; OS requires [ExtendedConfig ASPM ClockPM MSI]
[    0.428009] acpi PNP0A03:00: fail to add MMCONFIG information, can't access extended PCI configuration space under this bridge.
[    0.436299] PCI host bridge to bus 0000:00
[    0.438568] pci_bus 0000:00: root bus resource [io  0x0000-0x0cf7 window]
[    0.440002] pci_bus 0000:00: root bus resource [io  0x0d00-0xffff window]
[    0.444002] pci_bus 0000:00: root bus resource [mem 0x000a0000-0x000bffff window]
[    0.448002] pci_bus 0000:00: root bus resource [mem 0xe0000000-0xfdffffff window]
[    0.452002] pci_bus 0000:00: root bus resource [bus 00-ff]
[    0.461168] pci 0000:00:01.1: legacy IDE quirk: reg 0x10: [io  0x01f0-0x01f7]
[    0.464002] pci 0000:00:01.1: legacy IDE quirk: reg 0x14: [io  0x03f6]
[    0.468002] pci 0000:00:01.1: legacy IDE quirk: reg 0x18: [io  0x0170-0x0177]
[    0.472002] pci 0000:00:01.1: legacy IDE quirk: reg 0x1c: [io  0x0376]
[    0.493106] pci 0000:00:07.0: quirk: [io  0x4000-0x403f] claimed by PIIX4 ACPI
[    0.496024] pci 0000:00:07.0: quirk: [io  0x4100-0x410f] claimed by PIIX4 SMB
[    0.509993] ACPI: PCI Interrupt Link [LNKA] (IRQs 5 9 10 *11)
[    0.512351] ACPI: PCI Interrupt Link [LNKB] (IRQs 5 9 *10 11)
[    0.516132] ACPI: PCI Interrupt Link [LNKC] (IRQs 5 *9 10 11)
[    0.520129] ACPI: PCI Interrupt Link [LNKD] (IRQs 5 9 10 *11)
[    0.524511] SCSI subsystem initialized
[    0.528198] pci 0000:00:02.0: vgaarb: setting as boot VGA device
[    0.532000] pci 0000:00:02.0: vgaarb: VGA device added: decodes=io+mem,owns=io+mem,locks=none
[    0.532005] pci 0000:00:02.0: vgaarb: bridge control possible
[    0.536002] vgaarb: loaded
[    0.540017] ACPI: bus type USB registered
[    0.542317] usbcore: registered new interface driver usbfs
[    0.544009] usbcore: registered new interface driver hub
[    0.546943] usbcore: registered new device driver usb
[    0.548226] EDAC MC: Ver: 3.0.0
[    0.552186] PCI: Using ACPI for IRQ routing
[    0.556000] NetLabel: Initializing
[    0.556002] NetLabel:  domain hash size = 128
[    0.560002] NetLabel:  protocols = UNLABELED CIPSOv4 CALIPSO
[    0.563458] NetLabel:  unlabeled traffic allowed by default
[    0.564486] clocksource: Switched to clocksource kvm-clock
[    0.581337] VFS: Disk quotas dquot_6.6.0
[    0.581337] VFS: Dquot-cache hash table entries: 512 (order 0, 4096 bytes)
[    0.581337] AppArmor: AppArmor Filesystem Enabled
[    0.581337] pnp: PnP ACPI init
[    0.581337] pnp: PnP ACPI: found 3 devices
[    0.618746] clocksource: acpi_pm: mask: 0xffffff max_cycles: 0xffffff, max_idle_ns: 2085701024 ns
[    0.620686] NET: Registered protocol family 2
[    0.620686] IP idents hash table entries: 262144 (order: 9, 2097152 bytes)
[    0.639286] TCP established hash table entries: 131072 (order: 8, 1048576 bytes)
[    0.646973] TCP bind hash table entries: 65536 (order: 8, 1048576 bytes)
[    0.648184] TCP: Hash tables configured (established 131072 bind 65536)
[    0.648184] UDP hash table entries: 8192 (order: 6, 262144 bytes)
[    0.648184] UDP-Lite hash table entries: 8192 (order: 6, 262144 bytes)
[    0.648184] NET: Registered protocol family 1
[    0.648184] pci 0000:00:00.0: Limiting direct PCI/PCI transfers
[    0.648184] pci 0000:00:01.0: Activating ISA DMA hang workarounds
[    0.648184] pci 0000:00:02.0: Video device with shadowed ROM at [mem 0x000c0000-0x000dffff]
[    0.648184] Unpacking initramfs...
[    0.648184] Freeing initrd memory: 19528K
[    0.648184] PCI-DMA: Using software bounce buffering for IO (SWIOTLB)
[    0.648184] software IO TLB: mapped [mem 0xdbff0000-0xdfff0000] (64MB)
[    0.648184] clocksource: tsc: mask: 0xffffffffffffffff max_cycles: 0x2135f7c97c8, max_idle_ns: 440795273205 ns
[    0.648184] platform rtc_cmos: registered platform RTC device (no PNP device found)
[    1.013967] Scanning for low memory corruption every 60 seconds
[    1.018682] Initialise system trusted keyrings
[    1.021590] Key type blacklist registered
[    1.024529] workingset: timestamp_bits=36 max_order=22 bucket_order=0
[    1.028436] zbud: loaded
[    1.032296] squashfs: version 4.0 (2009/01/31) Phillip Lougher
[    1.036643] fuse init (API version 7.26)
[    1.051850] Key type asymmetric registered
[    1.054420] Asymmetric key parser 'x509' registered
[    1.055844] Block layer SCSI generic (bsg) driver version 0.4 loaded (major 246)
[    1.063256] io scheduler noop registered
[    1.065686] io scheduler deadline registered
[    1.067249] io scheduler cfq registered (default)
[    1.074420] ACPI: AC Adapter [AC] (on-line)
[    1.077126] input: Power Button as /devices/LNXSYSTM:00/LNXPWRBN:00/input/input0
[    1.081848] ACPI: Power Button [PWRF]
[    1.084377] input: Sleep Button as /devices/LNXSYSTM:00/LNXSLPBN:00/input/input1
[    1.088281] ACPI: Sleep Button [SLPF]
[    1.092414] Serial: 8250/16550 driver, 32 ports, IRQ sharing enabled
[    1.093264] ACPI: Battery Slot [BAT0] (battery present)
    1.100340] 00:02: ttyS0 at I/O 0x3f8 (irq = 4, base_baud = 115200) is a 16550A
[    1.317761] Linux agpgart interface v0.103
[    1.325498] loop: module loaded
[    1.332708] scsi host0: ata_piix
[    1.341351] scsi host1: ata_piix
[    1.345047] ata1: PATA max UDMA/33 cmd 0x1f0 ctl 0x3f6 bmdma 0xd000 irq 14
[    1.345047] ata2: PATA max UDMA/33 cmd 0x170 ctl 0x376 bmdma 0xd008 irq 15
[    1.345047] tun: Universal TUN/TAP device driver, 1.6
[    1.360906] PPP generic driver version 2.4.2
[    1.365252] ehci_hcd: USB 2.0 'Enhanced' Host Controller (EHCI) Driver
[    1.369377] ehci-pci: EHCI PCI platform driver
[    1.372294] ehci-platform: EHCI generic platform driver
[    1.375679] ohci_hcd: USB 1.1 'Open' Host Controller (OHCI) Driver
[    1.379292] ohci-pci: OHCI PCI platform driver
[    1.379646] ohci-platform: OHCI generic platform driver
[    1.379646] uhci_hcd: USB Universal Host Controller Interface driver
[    1.379646] i8042: PNP: PS/2 Controller [PNP0303:PS2K,PNP0f03:PS2M] at 0x60,0x64 irq 1,12
[    1.398014] serio: i8042 KBD port at 0x60,0x64 irq 1
[    1.401164] serio: i8042 AUX port at 0x60,0x64 irq 12
[    1.404280] mousedev: PS/2 mouse device common for all mice
[    1.408867] input: AT Translated Set 2 keyboard as /devices/platform/i8042/serio0/input/input2
[    1.415935] rtc_cmos rtc_cmos: rtc core: registered rtc_cmos as rtc0
[    1.420172] rtc_cmos rtc_cmos: alarms up to one day, 114 bytes nvram
[    1.423795] i2c /dev entries driver
[    1.423795] device-mapper: uevent: version 1.0.3
[    1.423795] device-mapper: ioctl: 4.37.0-ioctl (2017-09-20) initialised: dm-devel@redhat.com
[    1.435573] ledtrig-cpu: registered to indicate activity on CPUs
[    1.441929] NET: Registered protocol family 10
[    1.455021] Segment Routing with IPv6
[    1.458101] NET: Registered protocol family 17
[    1.461482] Key type dns_resolver registered
[    1.465432] mce: Using 0 MCE banks
[    1.467681] RAS: Correctable Errors collector initialized.
[    1.471137] sched_clock: Marking stable (1471094375, 0)->(2604147252, -1133052877)
[    1.479582] registered taskstats version 1
[    1.482515] Loading compiled-in X.509 certificates
[    1.494952] Loaded X.509 cert 'Build time autogenerated kernel key: b5b26778eaa3ab3a4a6cee031137706e947d12ad'
[    1.504583] Loaded X.509 cert 'Canonical Ltd. Live Patch Signing: 14df34d1a87cf37625abec039ef2bf521249b969'
[    1.510654] Loaded X.509 cert 'Canonical Ltd. Kernel Module Signing: 88f752e560a1e0737e31163a466ad7b70a850c19'
[    1.517645] blacklist: Loading compiled-in revocation X.509 certificates
[    1.522331] Loaded X.509 cert 'Canonical Ltd. Secure Boot Signing: 61482aa2830d0ab2ad5af10b7250da9033ddcef0'
[    1.528599] Loaded X.509 cert 'Canonical Ltd. Secure Boot Signing (2017): 242ade75ac4a15e50d50c84b0d45ff3eae707a03'
[    1.534870] Loaded X.509 cert 'Canonical Ltd. Secure Boot Signing (ESM 2018): 365188c1d374d6b07c3c8f240f8ef722433d6a8b'
[    1.541237] Loaded X.509 cert 'Canonical Ltd. Secure Boot Signing (2019): c0746fd6c5da3ae827864651ad66ae47fe24b3e8'
[    1.548070] Loaded X.509 cert 'Canonical Ltd. Secure Boot Signing (2021 v1): a8d54bbb3825cfb94fa13c9f8a594a195c107b8d'
[    1.554310] Loaded X.509 cert 'Canonical Ltd. Secure Boot Signing (2021 v2): 4cf046892d6fd3c9a5b03f98d845f90851dc6a8c'
[    1.560492] Loaded X.509 cert 'Canonical Ltd. Secure Boot Signing (2021 v3): 100437bb6de6e469b581e61cd66bce3ef4ed53af'
[    1.566923] Loaded X.509 cert 'Canonical Ltd. Secure Boot Signing (Ubuntu Core 2019): c1d57b8f6b743f23ee41f4f7ee292f06eecadfb9'
[    1.573676] zswap: loaded using pool lzo/zbud
[    1.587326] Key type big_key registered
[    1.589974] Key type trusted registered
[    1.598614] Key type encrypted registered
[    1.601645] AppArmor: AppArmor sha1 policy hashing enabled
[    1.607178] ima: No TPM chip found, activating TPM-bypass! (rc=-19)
[    1.613594] ima: Allocated hash algorithm: sha1
[    1.617183] evm: HMAC attrs: 0x1
[    1.619812]   Magic number: 11:856:683
[    1.623099] rtc_cmos rtc_cmos: setting system clock to 2023-10-19 12:40:28 UTC (1697719228)
[    1.628743] BIOS EDD facility v0.16 2004-Jun-25, 0 devices found
[    1.632586] EDD information not available.
[    1.637689] Freeing unused kernel image memory: 2480K
[    1.660883] Write protecting the kernel read-only data: 20480k
[    1.668805] Freeing unused kernel image memory: 2008K
[    1.673572] Freeing unused kernel image memory: 1820K
[    1.680796] x86/mm: Checked W+X mappings: passed, no W+X pages found.
Loading, please wait...
starting version 237
[    1.771697] Fusion MPT base driver 3.04.20
[    1.775429] Copyright (c) 1999-2008 LSI Corporation
[    1.782005] e1000: Intel(R) PRO/1000 Network Driver - version 7.3.21-k8-NAPI
[    1.786028] e1000: Copyright (c) 1999-2006 Intel Corporation.
[    1.808720] Fusion MPT SPI Host driver 3.04.20
[    1.816538] SSE version of gcm_enc/dec engaged.
[    2.035299] input: ImExPS/2 Generic Explorer Mouse as /devices/platform/i8042/serio1/input/input4
[    2.374448] e1000 0000:00:03.0 eth0: (PCI:33MHz:32-bit) 02:3b:7b:b7:3b:2d
[    2.378529] e1000 0000:00:03.0 eth0: Intel(R) PRO/1000 Network Connection
[    3.186496] e1000 0000:00:08.0 eth1: (PCI:33MHz:32-bit) 08:00:27:7e:41:02
[    3.190869] e1000 0000:00:08.0 eth1: Intel(R) PRO/1000 Network Connection
[    3.197273] e1000 0000:00:08.0 enp0s8: renamed from eth1
[    3.201561] mptbase: ioc0: Initiating bringup
[    3.221837] e1000 0000:00:03.0 enp0s3: renamed from eth0
[    4.442381] ioc0: LSI53C1030 A0: Capabilities={Initiator}
[    4.696518] scsi host2: ioc0: LSI53C1030 A0, FwRev=00000000h, Ports=1, MaxQ=256, IRQ=20
[    4.869326] scsi 2:0:0:0: Direct-Access     VBOX     HARDDISK         1.0  PQ: 0 ANSI: 5
[    5.440004] scsi target2:0:0: Beginning Domain Validation
[    5.453432] scsi target2:0:0: Domain Validation skipping write tests
[    5.457448] scsi target2:0:0: Ending Domain Validation
[    5.461005] scsi target2:0:0: asynchronous
[    5.465469] scsi 2:0:1:0: Direct-Access     VBOX     HARDDISK         1.0  PQ: 0 ANSI: 5
[    5.568341] scsi target2:0:1: Beginning Domain Validation
[    5.581321] scsi target2:0:1: Domain Validation skipping write tests
[    5.585481] scsi target2:0:1: Ending Domain Validation
[    5.589314] scsi target2:0:1: asynchronous
[    5.601448] sd 2:0:0:0: Attached scsi generic sg0 type 0
[    5.601573] sd 2:0:0:0: [sda] 83886080 512-byte logical blocks: (42.9 GB/40.0 GiB)
[    5.605925] sd 2:0:1:0: Attached scsi generic sg1 type 0
[    5.610628] sd 2:0:0:0: [sda] Write Protect is off
[    5.617970] sd 2:0:0:0: [sda] Incomplete mode parameter data
[    5.618063] sd 2:0:1:0: [sdb] 20480 512-byte logical blocks: (10.5 MB/10.0 MiB)
[    5.621638] sd 2:0:0:0: [sda] Assuming drive cache: write through
[    5.630438] sd 2:0:1:0: [sdb] Write Protect is off
[    5.634754] sd 2:0:1:0: [sdb] Incomplete mode parameter data
[    5.637741]  sda: sda1
[    5.638509] sd 2:0:1:0: [sdb] Assuming drive cache: write through
[    5.641672] sd 2:0:0:0: [sda] Attached SCSI disk
[    5.656012] sd 2:0:1:0: [sdb] Attached SCSI disk
Begin: Loading essential drivers ... [    7.525448] raid6: sse2x1   gen() 18423 MB/s
[    7.577270] raid6: sse2x1   xor() 11738 MB/s
[    7.625001] raid6: sse2x2   gen() 22931 MB/s
[    7.676034] raid6: sse2x2   xor() 15321 MB/s
[    7.724509] raid6: sse2x4   gen() 23593 MB/s
[    7.776110] raid6: sse2x4   xor() 12780 MB/s
[    7.778862] raid6: using algorithm sse2x4 gen() 23593 MB/s
[    7.782769] raid6: .... xor() 12780 MB/s, rmw enabled
[    7.789285] raid6: using ssse3x2 recovery algorithm
[    7.795622] xor: measuring software checksum speed
[    7.837935]    prefetch64-sse: 24475.000 MB/sec
[    7.880038]    generic_sse: 27868.000 MB/sec
[    7.884289] xor: using function: generic_sse (27868.000 MB/sec)
[    7.894140] async_tx: api initialized (async)
done.
Begin: Running /scripts/init-premount ... done.
Begin: Mounting root file system ... Begin: Running /scripts/local-top ... done.
Begin: Running /scripts/local-premount ... [    7.954477] Btrfs loaded, crc32c=crc32c-intel
Scanning for Btrfs filesystems
done.
Warning: fsck not present, so skipping root file system
[    7.997520] EXT4-fs (sda1): mounted filesystem with ordered data mode. Opts: (null)
done.
Begin: Running /scripts/local-bottom ... done.
Begin: Running /scripts/init-bottom ... done.
[    8.187144] ip_tables: (C) 2000-2006 Netfilter Core Team
[    8.201600] systemd[1]: systemd 237 running in system mode. (+PAM +AUDIT +SELINUX +IMA +APPARMOR +SMACK +SYSVINIT +UTMP +LIBCRYPTSETUP +GCRYPT +GNUTLS +ACL +XZ +LZ4 +SECCOMP +BLKID +ELFUTILS +KMOD -IDN2 +IDN -PCRE2 default-hierarchy=hybrid)
[    8.213814] systemd[1]: Detected virtualization oracle.
[    8.217125] systemd[1]: Detected architecture x86-64.

Welcome to [1mUbuntu 18.04.6 LTS[0m!

[    8.279625] systemd[1]: Set hostname to <ubuntu>.
[    8.287627] systemd[1]: Initializing machine ID from random generator.
[    8.291558] systemd[1]: Installed transient /etc/machine-id file.
[    8.586668] systemd[1]: Created slice User and Session Slice.
[[0;32m  OK  [0m] Created slice User and Session Slice.
[    8.592408] systemd[1]: Reached target Swap.
[[0;32m  OK  [0m] Reached target Swap.
[    8.596305] systemd[1]: Started Forward Password Requests to Wall Directory Watch.
[[0;32m  OK  [0m] Started Forward Password Requests to Wall Directory Watch.
[    8.602565] systemd[1]: Reached target System Time Synchronized.
[[0;32m  OK  [0m] Reached target System Time Synchronized.
[[0;32m  OK  [0m] Set up automount Arbitrary Executab…rmats File System Automount Point.
[[0;32m  OK  [0m] Reached target User and Group Name Lookups.
[[0;32m  OK  [0m] Reached target Mounting snaps.
[[0;32m  OK  [0m] Created slice System Slice.
[[0;32m  OK  [0m] Listening on Device-mapper event daemon FIFOs.
[[0;32m  OK  [0m] Listening on Journal Socket (/dev/log).
[[0;32m  OK  [0m] Listening on Journal Audit Socket.
[[0;32m  OK  [0m] Listening on udev Control Socket.
[[0;32m  OK  [0m] Listening on LVM2 metadata daemon socket.
[[0;32m  OK  [0m] Listening on Journal Socket.
         Starting Uncomplicated firewall...
         Starting Set the console keyboard layout...
         Mounting POSIX Message Queue File System...
         Mounting Huge Pages File System...
[[0;32m  OK  [0m] Listening on /dev/initctl Compatibility Named Pipe.
[[0;32m  OK  [0m] Listening on udev Kernel Socket.
         Starting udev Coldplug all Devices...
         Mounting Kernel Debug File System...
[[0;32m  OK  [0m] Reached target Slices.
[[0;32m  OK  [0m] Listening on Network Service Netlink Socket.
         Starting Load Kernel Modules...
         Starting Monitoring of LVM2 mirrors…ng dmeventd or progress polling...
[[0;32m  OK  [0m] Listening on fsck to fsckd communication Socket.
         Starting File System Check on Root Device...
[[0;32m  OK  [0m] Listening on LVM2 poll daemon socket.
[[0;32m  OK  [0m] Created slice system-serial\x2dgetty.slice.
         Starting Create list of required st…ce nodes for the current kernel...
[[0;32m  OK  [0m] Reached target Mounted snaps.
[[0;32m  OK  [0m] Listening on Syslog Socket.
[    8.706129] Loading iSCSI transport class v2.0-870.
         Starting Journal Service...
[[0;32m  OK  [0m] Started Uncomplicated firewall.
[[0;32m  OK  [0m] Mounted POSIX Message Queue File System.
[[0;32m  OK  [0m] Mounted Huge Pages File System.
[[0;32m  OK  [0m] Mounted Kernel Debug File System.
[[0;32m  OK  [0m] Started File System Check Daemon to report status.
[[0;32m  OK  [0m] Started Create list of required sta…vice nodes for the current kernel.
         Starting Create Static Device Nodes in /dev...
[    8.770150] iscsi: registered transport (tcp)
[[0;32m  OK  [0m] Started udev Coldplug all Devices.
[    8.795774] iscsi: registered transport (iser)
[[0;32m  OK  [0m] Started Load Kernel Modules.
         Starting Apply Kernel Variables...
         Mounting FUSE Control File System...
         Mounting Kernel Configuration File System...
[[0;32m  OK  [0m] Mounted FUSE Control File System.
[[0;32m  OK  [0m] Mounted Kernel Configuration File System.
[[0;32m  OK  [0m] Started LVM2 metadata daemon.
[[0;32m  OK  [0m] Started Journal Service.
[[0;32m  OK  [0m] Started Create Static Device Nodes in /dev.
[[0;32m  OK  [0m] Started File System Check on Root Device.
         Starting Remount Root and Kernel File Systems...
[[0;32m  OK  [0m] Started Apply Kernel Variables.
[[0;32m  OK  [0m] Started Monitoring of LVM2 mirrors,…sing dmeventd or progress polling.
[[0;32m  OK  [0m] Started Remount Root and Kernel File Systems.
         Starting udev Kernel Device Manager...
         Starting Flush Journal to Persistent Storage...
         Starting Load/Save Random Seed...
[[0;32m  OK  [0m] Started udev Kernel Device Manager.
[[0;32m  OK  [0m] Started Load/Save Random Seed.
[[0;32m  OK  [0m] Started Flush Journal to Persistent Storage.
[[0;32m  OK  [0m] Found device /dev/ttyS0.
[[0;32m  OK  [0m] Listening on Load/Save RF Kill Switch Status /dev/rfkill Watch.
[[0;32m  OK  [0m] Started Set the console keyboard layout.
         Mounting Arbitrary Executable File Formats File System...
[[0;32m  OK  [0m] Reached target Local File Systems (Pre).
[[0;32m  OK  [0m] Reached target Local File Systems.
         Starting AppArmor initialization...
         Starting Set console font and keymap...
         Starting ebtables ruleset management...
         Starting Commit a transient machine-id on disk...
         Starting Tell Plymouth To Write Out Runtime Data...
         Starting Create Volatile Files and Directories...
[[0;32m  OK  [0m] Started Dispatch Password Requests to Console Directory Watch.
[[0;32m  OK  [0m] Reached target Local Encrypted Volumes.
[[0;32m  OK  [0m] Mounted Arbitrary Executable File Formats File System.
[[0;32m  OK  [0m] Started Tell Plymouth To Write Out Runtime Data.
[[0;32m  OK  [0m] Started Create Volatile Files and Directories.
         Starting Update UTMP about System Boot/Shutdown...
[[0;32m  OK  [0m] Started Update UTMP about System Boot/Shutdown.
[[0;32m  OK  [0m] Started Commit a transient machine-id on disk.
[[0;32m  OK  [0m] Started ebtables ruleset management.
[[0;32m  OK  [0m] Started AppArmor initialization.
         Starting Load AppArmor profiles managed internally by snapd...
         Starting Initial cloud-init job (pre-networking)...
[[0;32m  OK  [0m] Started Load AppArmor profiles managed internally by snapd.
[[0;32m  OK  [0m] Started Set console font and keymap.
[   11.886158] cloud-init[804]: Cloud-init v. 23.1.2-0ubuntu0~18.04.1 running 'init-local' at Thu, 19 Oct 2023 12:40:38 +0000. Up 11.61 seconds.
[[0;32m  OK  [0m] Started Initial cloud-init job (pre-networking).
[[0;32m  OK  [0m] Reached target Network (Pre).
         Starting Network Service...
[[0;32m  OK  [0m] Started Network Service.
         Starting Network Name Resolution...
         Starting Wait for Network to be Configured...
[[0;32m  OK  [0m] Started Network Name Resolution.
[[0;32m  OK  [0m] Reached target Network.
[[0;32m  OK  [0m] Reached target Host and Network Name Lookups.
[[0;32m  OK  [0m] Started Wait for Network to be Configured.
         Starting Initial cloud-init job (metadata service crawler)...
[   13.738516] cloud-init[955]: Cloud-init v. 23.1.2-0ubuntu0~18.04.1 running 'init' at Thu, 19 Oct 2023 12:40:40 +0000. Up 13.65 seconds.
[   13.742196] cloud-init[955]: ci-info: ++++++++++++++++++++++++++++++++++++++Net device info+++++++++++++++++++++++++++++++++++++++
[   13.744949] cloud-init[955]: ci-info: +--------+-------+----------------------------+---------------+--------+-------------------+
[   13.747618] cloud-init[955]: ci-info: | Device |   Up  |          Address           |      Mask     | Scope  |     Hw-Address    |
[   13.750357] cloud-init[955]: ci-info: +--------+-------+----------------------------+---------------+--------+-------------------+
[   13.752939] cloud-init[955]: ci-info: | enp0s3 |  True |         10.0.2.15          | 255.255.255.0 | global | 02:3b:7b:b7:3b:2d |
[   13.755559] cloud-init[955]: ci-info: | enp0s3 |  True | fe80::3b:7bff:feb7:3b2d/64 |       .       |  link  | 02:3b:7b:b7:3b:2d |
[   13.758436] cloud-init[955]: ci-info: | enp0s8 | False |             .              |       .       |   .    | 08:00:27:7e:41:02 |
[   13.761092] cloud-init[955]: ci-info: |   lo   |  True |         127.0.0.1          |   255.0.0.0   |  host  |         .         |
[   13.763718] cloud-init[955]: ci-info: |   lo   |  True |          ::1/128           |       .       |  host  |         .         |
[   13.766341] cloud-init[955]: ci-info: +--------+-------+----------------------------+---------------+--------+-------------------+
[   13.768887] cloud-init[955]: ci-info: ++++++++++++++++++++++++++++Route IPv4 info+++++++++++++++++++++++++++++
[   13.771108] cloud-init[955]: ci-info: +-------+-------------+----------+-----------------+-----------+-------+
[   13.773413] cloud-init[955]: ci-info: | Route | Destination | Gateway  |     Genmask     | Interface | Flags |
[   13.775611] cloud-init[955]: ci-info: +-------+-------------+----------+-----------------+-----------+-------+
[   13.777878] cloud-init[955]: ci-info: |   0   |   0.0.0.0   | 10.0.2.2 |     0.0.0.0     |   enp0s3  |   UG  |
[   13.780293] cloud-init[955]: ci-info: |   1   |   10.0.2.0  | 0.0.0.0  |  255.255.255.0  |   enp0s3  |   U   |
[   13.783011] cloud-init[955]: ci-info: |   2   |   10.0.2.2  | 0.0.0.0  | 255.255.255.255 |   enp0s3  |   UH  |
[   13.786526] cloud-init[955]: ci-info: +-------+-------------+----------+-----------------+-----------+-------+
[   13.788985] cloud-init[955]: ci-info: +++++++++++++++++++Route IPv6 info+++++++++++++++++++
[   13.790823] cloud-init[955]: ci-info: +-------+-------------+---------+-----------+-------+
[   13.792737] cloud-init[955]: ci-info: | Route | Destination | Gateway | Interface | Flags |
[   13.794572] cloud-init[955]: ci-info: +-------+-------------+---------+-----------+-------+
[   13.796374] cloud-init[955]: ci-info: |   1   |  fe80::/64  |    ::   |   enp0s3  |   U   |
[   13.798177] cloud-init[955]: ci-info: |   3   |    local    |    ::   |   enp0s3  |   U   |
[   13.800224] cloud-init[955]: ci-info: |   4   |   ff00::/8  |    ::   |   enp0s3  |   U   |
[   13.801935] cloud-init[955]: ci-info: +-------+-------------+---------+-----------+-------+
[   14.519902] cloud-init[955]: Generating public/private rsa key pair.
[   14.522016] cloud-init[955]: Your identification has been saved in /etc/ssh/ssh_host_rsa_key.
[   14.524434] cloud-init[955]: Your public key has been saved in /etc/ssh/ssh_host_rsa_key.pub.
[   14.527270] cloud-init[955]: The key fingerprint is:
[   14.528475] cloud-init[955]: SHA256:Q/Ed4Vi5MfXtJVpWMsmqdaOqYLyN340N72Nd53F+DEc root@ubuntu-bionic
[   14.530379] cloud-init[955]: The key's randomart image is:
[   14.532027] cloud-init[955]: +---[RSA 2048]----+
[   14.533239] cloud-init[955]: |        .   +=+..|
[   14.534573] cloud-init[955]: |         o =+.o=.|
[   14.535932] cloud-init[955]: |        . o o=+ +|
[   14.537211] cloud-init[955]: |       .    ++ooE|
[   14.538552] cloud-init[955]: |        S  o.o o.|
[   14.539887] cloud-init[955]: |     .   .. . ..=|
[   14.541223] cloud-init[955]: |      +   .. . B+|
[   14.542577] cloud-init[955]: |     . = ..*o . =|
[   14.543872] cloud-init[955]: |      o.+.oo=.  .|
[   14.545386] cloud-init[955]: +----[SHA256]-----+
[   14.546774] cloud-init[955]: Generating public/private dsa key pair.
[   14.548428] cloud-init[955]: Your identification has been saved in /etc/ssh/ssh_host_dsa_key.
[   14.550796] cloud-init[955]: Your public key has been saved in /etc/ssh/ssh_host_dsa_key.pub.
[   14.553057] [cloud-init[0;32m  OK  [0m[955]: ] Started Initial cloud-init job (metadata service crawler).The key fingerprint is:

[   14.555812] cloud-init[955]: SHA256:uwrfmCO3oBJIKl+TP8Jwb/op4hNOpUOU548oqQy0S88 root@ubuntu-bionic
[[0;32m  OK  [0m] Reached target System Initialization.
[   14.555865] cloud-init[955]: The key's randomart image is:
[   14.560639] cloud-init[955]: +---[DSA 1024]----+
[   14.561804] cloud-init[955]: |   .             |
[   14.562959] cloud-init[955]: |  o .            |
[   14.565857] cloud-init[955]: | . o             |
[   14.567016] cloud-init[955]: | o. o            |
[   14.568189] cloud-init[955]: |=o.+ +  S        |
[   14.569454] cloud-init[955]: |OoB * .  .       |
[   14.570669] cloud-init[955]: |**+Bo+  .        |
[[   14.571888] [0;32m  OK  [0mcloud-init] [955]: Started Daily apt download activities.|oo=E=+B= .       |

[   14.574302] cloud-init[955]: | ooo.OO=o        |
[   14.575482] cloud-init[955]: +----[SHA256]-----+
[   14.576873] [cloud-init[0;32m  OK  [0m[955]: ] Generating public/private ecdsa key pair.Started Message of the Day.

[   14.579356] cloud-init[955]: Your identification has been saved in /etc/ssh/ssh_host_ecdsa_key.
[   14.581493] cloud-init[955]: Your public key has been saved in /etc/ssh/ssh_host_ecdsa_key.pub.
[   14.583837] cloud-init[955]: The key fingerprint is:
[[0;32m  OK  [0m] Listening on ACPID Listen Socket.
[[0;32m  OK  [0m] Listening on cloud-init hotplug hook socket.
[[0;32m  OK  [0m] Listening on D-Bus System Message Bus Socket.
[[0;32m  OK  [0m] Listening on Open-iSCSI iscsid Socket.
[   14.596773] cloud-init[955]: SHA256:r9bfcpDO8HuMyCiHwMtDRKPZvjHpeDlvlf6Um5b1yTY root@ubuntu-bionic
[   14.607164] cloud-init[955]: The key's randomart image is:
[[0;32m  OK  [0m] Started Daily apt upgrade and clean activities.
[[   14.607220] [0;32m  OK  [0mcloud-init] [955]: Started Discard unused blocks once a week.+---[ECDSA 256]---+

[   14.612237] [cloud-init[0;32m  OK  [0m[955]: ] |                 |Started Daily Cleanup of Temporary Directories.

[   14.612293] cloud-init[955]: |    o            |
[   14.615719] cloud-init[955]: |   = .           |
[   14.616805] cloud-init[955]: |  o o            |
[[0;32m  OK  [0m] Started ACPI Events Check.
[[   14.616860] [0;32m  OK  [0mcloud-init] [955]: Listening on UUID daemon activation socket.|   + .  S.   .   |

[   14.621069] cloud-init[955]: |    O   o...+    |
[   14.622107] cloud-init[955]: |   = B + ++O * . |
         Starting Socket activation for snappy daemon.
[   14.622157] cloud-init[955]: |  . X + =o*o*.E  |
[   14.626722]          cloud-initStarting LXD - unix socket.[955]: 
|   . =.+.o+.o*.. |
[   14.629074] [[0;32m  OK  [0m] Started Ubuntu Advantage Timer for running repeated jobs.
[[0;32m  OK  [0m] Reached target Paths.
[[0;32m  OK  [0m] Reached target Timers.
[[0;32m  OK  [0m] Reached target Cloud-config availability.
[[0;32m  OK  [0m] Reached target Network is Online.
         Starting Availability of block devices...
[[0;32m  OK  [0m] Reached target Remote File Systems (Pre).
[[0;32m  OK  [0m] Reached target Remote File Systems.
[[0;32m  OK  [0m] Listening on Socket activation for snappy daemon.
[[0;32m  OK  [0m] Listening on LXD - unix socket.
[[0;32m  OK  [0m] Reached target Sockets.
[[0;32m  OK  [0m] Reached target Basic System.
         Starting LSB: automatic crash report generation...
         Starting LXD - container startup/shutdown...
         Starting Virtualbox guest utils...
cloud-init[955]: +----[SHA256]-----+
[   14.650984] cloud-init[955]: Generating public/private ed25519 key pair.
[   14.654547] cloud-init[955]: Your identification has been saved in /etc/ssh/ssh_host_ed25519_key.
[   14.659839] cloud-init[955]: Your public key has been saved in /etc/ssh/ssh_host_ed25519_key.pub.
[   14.663698] cloud-init[955]: The key fingerprint is:
[   14.669997] cloud-init[955]: SHA256:hnB84A9C+/RUnX9EzqL53ZTC3D+apnk0hvFUMar6KMc root@ubuntu-bionic
[   14.674238] cloud-init[955]: The key's randomart image is:
[   14.677465] cloud-init[955]: +--[ED25519 256]--+
[   14.680617] cloud-init[955]: |    . .   .. . +o|
[   14.683531] cloud-init[955]: |   . + . .  o .+o|
[   14.688028] cloud-init[955]: |    + * o    oo.o|
[   14.691058] cloud-init[955]: |     * B   .++o.o|
[   14.694016] cloud-init[955]: |      o S  .B+ +.|
[   14.697854] cloud-init[955]: |       .  .. *.oo|
[   14.703203] cloud-init[955]: |        ..  o o.+|
[   14.706800] cloud-init[955]: |       . Eo .oo .|
[   14.710808] cloud-init[955]: |        o. ++o   |
[   14.715601] cloud-init[955]: +----[SHA256]-----+
         Starting Dispatcher daemon for systemd-networkd...
         Starting System Logging Service...
         Starting Accounts Service...
[[0;32m  OK  [0m] Started FUSE filesystem for LXC.
         Starting Pollinate to seed the pseudo random number generator...
[[0;32m  OK  [0m] Started irqbalance daemon.
[[0;32m  OK  [0m] Started Regular background program processing daemon.
         Starting Permit User Sessions...
         Starting LSB: Record successful boot for GRUB...
[[0;32m  OK  [0m] Started D-Bus System Message Bus.
[[0;32m  OK  [0m] Started Deferred execution scheduler.
[[0;32m  OK  [0m] Reached target Login Prompts (Pre).
         Starting Login Service...
         Starting Snap Daemon...
[[0;32m  OK  [0m] Started System Logging Service.
[[0;32m  OK  [0m] Started Availability of block devices.
[[0;32m  OK  [0m] Started LXD - container startup/shutdown.
[[0;32m  OK  [0m] Started Permit User Sessions.
         Starting Hold until boot process finishes up...
         Starting Terminate Plymouth Boot Screen...
[[0;32m  OK  [0m] Started Hold until boot process finishes up.
         Starting Set console scheme...
[[0;32m  OK  [0m] Started Serial Getty on ttyS0.
[[0;32m  OK  [0m] Started Terminate Plymouth Boot Screen.
         Starting Authorization Manager...
[[0;32m  OK  [0m] Started Login Service.
[[0;32m  OK  [0m] Started Unattended Upgrades Shutdown.
[[0;32m  OK  [0m] Started Set console scheme.
[[0;32m  OK  [0m] Created slice system-getty.slice.
[[0;32m  OK  [0m] Started Getty on tty1.
[[0;32m  OK  [0m] Reached target Login Prompts.
[[0;32m  OK  [0m] Started LSB: automatic crash report generation.
[[0;32m  OK  [0m] Started Authorization Manager.
[[0;32m  OK  [0m] Started Accounts Service.
[[0;32m  OK  [0m] Started Dispatcher daemon for systemd-networkd.
[[0;32m  OK  [0m] Started LSB: Record successful boot for GRUB.
[[0;32m  OK  [0m] Started Virtualbox guest utils.
[[0;32m  OK  [0m] Stopped Network Name Resolution.
         Starting Network Name Resolution...
[[0;32m  OK  [0m] Started Network Name Resolution.
[[0;32m  OK  [0m] Started Snap Daemon.
         Starting Wait until snapd is fully seeded...
         Starting Time & Date Service...
[[0;32m  OK  [0m] Started Time & Date Service.
[   20.884979] cloud-init[1555]: Cloud-init v. 23.1.2-0ubuntu0~18.04.1 running 'modules:config' at Thu, 19 Oct 2023 12:40:47 +0000. Up 20.51 seconds.

Ubuntu 18.04.6 LTS ubuntu-bionic ttyS0

ubuntu-bionic login: ci-info: no authorized SSH keys fingerprints found for user ubuntu.
<14>Oct 19 12:40:49 cloud-init: #############################################################
<14>Oct 19 12:40:49 cloud-init: -----BEGIN SSH HOST KEY FINGERPRINTS-----
<14>Oct 19 12:40:49 cloud-init: 1024 SHA256:uwrfmCO3oBJIKl+TP8Jwb/op4hNOpUOU548oqQy0S88 root@ubuntu-bionic (DSA)
<14>Oct 19 12:40:49 cloud-init: 256 SHA256:r9bfcpDO8HuMyCiHwMtDRKPZvjHpeDlvlf6Um5b1yTY root@ubuntu-bionic (ECDSA)
<14>Oct 19 12:40:49 cloud-init: 256 SHA256:hnB84A9C+/RUnX9EzqL53ZTC3D+apnk0hvFUMar6KMc root@ubuntu-bionic (ED25519)
<14>Oct 19 12:40:49 cloud-init: 2048 SHA256:Q/Ed4Vi5MfXtJVpWMsmqdaOqYLyN340N72Nd53F+DEc root@ubuntu-bionic (RSA)
<14>Oct 19 12:40:49 cloud-init: -----END SSH HOST KEY FINGERPRINTS-----
<14>Oct 19 12:40:49 cloud-init: #############################################################
-----BEGIN SSH HOST KEY KEYS-----
ecdsa-sha2-nistp256 AAAAE2VjZHNhLXNoYTItbmlzdHAyNTYAAAAIbmlzdHAyNTYAAABBBEBUyQbXtKOituNl6odWliMtDrnLZ5JZZMhw4+789uoziA4kbZx4U2rqgZJTO8xaxgb1LtRgMYmKwmlzndmqLs0= root@ubuntu-bionic
ssh-ed25519 AAAAC3NzaC1lZDI1NTE5AAAAICI0DWFrZWA2oHZEZDS9PjGSt8u26mXWYW8fCNgRvwxj root@ubuntu-bionic
ssh-rsa AAAAB3NzaC1yc2EAAAADAQABAAABAQC1S7CdBs8GVWcSdr+nHLu40GjjKA0piHhirJ+1BEpm+xnOd1xHYTOeN9EXGXYM57qgNjrqhoGOBWVN8S15gcg2d5l6xLDHfKEK9j+o/ZeBfomT0cn/gNRDrbhBtVyZry8eWhX7/VWEf5HBWXP9w1DwZf7GGIhTJv3Ikbo6isAJ9OJlXEjBuEM7kvPUE1N1waWb7PfadesqH31yChVIRBYvQ3p4t2AnauWbBxQbTS2N+2BpZ6y/bcX9oWvAPOWz4Go7+F1gswyp7yZOS1vyWXNE0nZkjqRXIRa2dBKM5aCh3rduKIlp+tVoQRxH+0T+Ml3MtQ9W63eHi01C3hrIPmNh root@ubuntu-bionic
-----END SSH HOST KEY KEYS-----
[   23.063279] cloud-init[1628]: Cloud-init v. 23.1.2-0ubuntu0~18.04.1 running 'modules:final' at Thu, 19 Oct 2023 12:40:49 +0000. Up 22.76 seconds.
[   23.063368] cloud-init[1628]: Cloud-init v. 23.1.2-0ubuntu0~18.04.1 finished at Thu, 19 Oct 2023 12:40:49 +0000. Datasource DataSourceNoCloud [seed=/dev/sdb][dsmode=net].  Up 23.05 seconds
